<?xml version="1.0" encoding="UTF-8" standalone="yes"?><!DOCTYPE report PUBLIC "-//JACOCO//DTD Report 1.1//EN" "report.dtd"><report name="web-service"><sessioninfo id="fv-az891-247-49b3cb6b" start="1701997236686" dump="1701997375416"/><package name="com/example/webservice/repository"><class name="com/example/webservice/repository/ClientRepository" sourcefilename="ClientRepository.java"/><class name="com/example/webservice/repository/FacilityRepository" sourcefilename="FacilityRepository.java"/><class name="com/example/webservice/repository/ListingRepository" sourcefilename="ListingRepository.java"/><sourcefile name="ListingRepository.java"/><sourcefile name="FacilityRepository.java"/><sourcefile name="ClientRepository.java"/></package><package name="com/example/webservice/controller"><class name="com/example/webservice/controller/ClientController" sourcefilename="ClientController.java"><method name="&lt;init&gt;" desc="(Lcom/example/webservice/service/ClientService;)V" line="32"><counter type="INSTRUCTION" missed="0" covered="6"/><counter type="LINE" missed="0" covered="3"/><counter type="COMPLEXITY" missed="0" covered="1"/><counter type="METHOD" missed="0" covered="1"/></method><method name="createClient" desc="(Lcom/example/webservice/model/model/ClientRequestDTO;)Lcom/example/webservice/model/Client;" line="45"><counter type="INSTRUCTION" missed="0" covered="13"/><counter type="LINE" missed="0" covered="4"/><counter type="COMPLEXITY" missed="0" covered="1"/><counter type="METHOD" missed="0" covered="1"/></method><method name="deleteClient" desc="(Ljava/lang/Long;Ljava/lang/String;)V" line="61"><counter type="INSTRUCTION" missed="0" covered="31"/><counter type="BRANCH" missed="0" covered="2"/><counter type="LINE" missed="0" covered="9"/><counter type="COMPLEXITY" missed="0" covered="2"/><counter type="METHOD" missed="0" covered="1"/></method><counter type="INSTRUCTION" missed="0" covered="50"/><counter type="BRANCH" missed="0" covered="2"/><counter type="LINE" missed="0" covered="16"/><counter type="COMPLEXITY" missed="0" covered="4"/><counter type="METHOD" missed="0" covered="3"/><counter type="CLASS" missed="0" covered="1"/></class><class name="com/example/webservice/controller/FacilityController" sourcefilename="FacilityController.java"><method name="&lt;init&gt;" desc="(Lcom/example/webservice/service/FacilityService;Lcom/example/webservice/service/ClientService;)V" line="38"><counter type="INSTRUCTION" missed="0" covered="9"/><counter type="LINE" missed="0" covered="4"/><counter type="COMPLEXITY" missed="0" covered="1"/><counter type="METHOD" missed="0" covered="1"/></method><method name="getAllFacilities" desc="()Lorg/springframework/http/ResponseEntity;" line="51"><counter type="INSTRUCTION" missed="0" covered="10"/><counter type="LINE" missed="0" covered="2"/><counter type="COMPLEXITY" missed="0" covered="1"/><counter type="METHOD" missed="0" covered="1"/></method><method name="getFacilityByClient" desc="(Ljava/lang/Long;Ljava/lang/String;)Lorg/springframework/http/ResponseEntity;" line="65"><counter type="INSTRUCTION" missed="8" covered="28"/><counter type="BRANCH" missed="0" covered="2"/><counter type="LINE" missed="3" covered="6"/><counter type="COMPLEXITY" missed="0" covered="2"/><counter type="METHOD" missed="0" covered="1"/></method><method name="getFacilityById" desc="(Ljava/lang/Long;)Lorg/springframework/http/ResponseEntity;" line="91"><counter type="INSTRUCTION" missed="0" covered="18"/><counter type="LINE" missed="0" covered="4"/><counter type="COMPLEXITY" missed="0" covered="1"/><counter type="METHOD" missed="0" covered="1"/></method><method name="createFacility" desc="(Ljava/lang/Long;Ljava/lang/String;Lcom/example/webservice/model/model/FacilityRequestDTO;)Lorg/springframework/http/ResponseEntity;" line="117"><counter type="INSTRUCTION" missed="20" covered="29"/><counter type="BRANCH" missed="0" covered="2"/><counter type="LINE" missed="7" covered="6"/><counter type="COMPLEXITY" missed="0" covered="2"/><counter type="METHOD" missed="0" covered="1"/></method><method name="updateFacility" desc="(Ljava/lang/Long;Ljava/lang/String;Ljava/lang/Long;Lcom/example/webservice/model/model/FacilityRequestDTO;)Lorg/springframework/http/ResponseEntity;" line="157"><counter type="INSTRUCTION" missed="7" covered="31"/><counter type="BRANCH" missed="0" covered="2"/><counter type="LINE" missed="2" covered="6"/><counter type="COMPLEXITY" missed="0" covered="2"/><counter type="METHOD" missed="0" covered="1"/></method><method name="deleteFacility" desc="(Ljava/lang/Long;Ljava/lang/String;Ljava/lang/Long;)Lorg/springframework/http/ResponseEntity;" line="188"><counter type="INSTRUCTION" missed="7" covered="29"/><counter type="BRANCH" missed="0" covered="2"/><counter type="LINE" missed="2" covered="6"/><counter type="COMPLEXITY" missed="0" covered="2"/><counter type="METHOD" missed="0" covered="1"/></method><counter type="INSTRUCTION" missed="42" covered="154"/><counter type="BRANCH" missed="0" covered="8"/><counter type="LINE" missed="14" covered="34"/><counter type="COMPLEXITY" missed="0" covered="11"/><counter type="METHOD" missed="0" covered="7"/><counter type="CLASS" missed="0" covered="1"/></class><sourcefile name="FacilityController.java"><line nr="38" mi="0" ci="2" mb="0" cb="0"/><line nr="39" mi="0" ci="3" mb="0" cb="0"/><line nr="40" mi="0" ci="3" mb="0" cb="0"/><line nr="41" mi="0" ci="1" mb="0" cb="0"/><line nr="51" mi="0" ci="4" mb="0" cb="0"/><line nr="52" mi="0" ci="6" mb="0" cb="0"/><line nr="65" mi="0" ci="5" mb="0" cb="0"/><line nr="67" mi="0" ci="5" mb="0" cb="2"/><line nr="68" mi="0" ci="6" mb="0" cb="0"/><line nr="71" mi="1" ci="0" mb="0" cb="0"/><line nr="72" mi="4" ci="0" mb="0" cb="0"/><line nr="73" mi="3" ci="0" mb="0" cb="0"/><line nr="74" mi="0" ci="1" mb="0" cb="0"/><line nr="76" mi="0" ci="5" mb="0" cb="0"/><line nr="77" mi="0" ci="6" mb="0" cb="0"/><line nr="91" mi="0" ci="5" mb="0" cb="0"/><line nr="92" mi="0" ci="6" mb="0" cb="0"/><line nr="93" mi="0" ci="1" mb="0" cb="0"/><line nr="94" mi="0" ci="6" mb="0" cb="0"/><line nr="117" mi="0" ci="5" mb="0" cb="0"/><line nr="119" mi="0" ci="5" mb="0" cb="2"/><line nr="120" mi="0" ci="6" mb="0" cb="0"/><line nr="123" mi="1" ci="0" mb="0" cb="0"/><line nr="124" mi="4" ci="0" mb="0" cb="0"/><line nr="125" mi="3" ci="0" mb="0" cb="0"/><line nr="126" mi="0" ci="1" mb="0" cb="0"/><line nr="128" mi="0" ci="6" mb="0" cb="0"/><line nr="129" mi="0" ci="6" mb="0" cb="0"/><line nr="130" mi="1" ci="0" mb="0" cb="0"/><line nr="131" mi="5" ci="0" mb="0" cb="0"/><line nr="132" mi="1" ci="0" mb="0" cb="0"/><line nr="133" mi="5" ci="0" mb="0" cb="0"/><line nr="157" mi="0" ci="5" mb="0" cb="0"/><line nr="159" mi="0" ci="5" mb="0" cb="2"/><line nr="160" mi="0" ci="6" mb="0" cb="0"/><line nr="163" mi="1" ci="0" mb="0" cb="0"/><line nr="164" mi="6" ci="0" mb="0" cb="0"/><line nr="166" mi="0" ci="1" mb="0" cb="0"/><line nr="167" mi="0" ci="8" mb="0" cb="0"/><line nr="168" mi="0" ci="6" mb="0" cb="0"/><line nr="188" mi="0" ci="5" mb="0" cb="0"/><line nr="190" mi="0" ci="5" mb="0" cb="2"/><line nr="191" mi="0" ci="6" mb="0" cb="0"/><line nr="194" mi="1" ci="0" mb="0" cb="0"/><line nr="195" mi="6" ci="0" mb="0" cb="0"/><line nr="197" mi="0" ci="1" mb="0" cb="0"/><line nr="199" mi="0" ci="5" mb="0" cb="0"/><line nr="200" mi="0" ci="7" mb="0" cb="0"/><counter type="INSTRUCTION" missed="42" covered="154"/><counter type="BRANCH" missed="0" covered="8"/><counter type="LINE" missed="14" covered="34"/><counter type="COMPLEXITY" missed="0" covered="11"/><counter type="METHOD" missed="0" covered="7"/><counter type="CLASS" missed="0" covered="1"/></sourcefile><sourcefile name="ClientController.java"><line nr="32" mi="0" ci="2" mb="0" cb="0"/><line nr="33" mi="0" ci="3" mb="0" cb="0"/><line nr="34" mi="0" ci="1" mb="0" cb="0"/><line nr="45" mi="0" ci="5" mb="0" cb="0"/><line nr="46" mi="0" ci="1" mb="0" cb="0"/><line nr="47" mi="0" ci="4" mb="0" cb="0"/><line nr="48" mi="0" ci="3" mb="0" cb="0"/><line nr="61" mi="0" ci="5" mb="0" cb="0"/><line nr="63" mi="0" ci="5" mb="0" cb="2"/><line nr="64" mi="0" ci="5" mb="0" cb="0"/><line nr="66" mi="0" ci="6" mb="0" cb="0"/><line nr="70" mi="0" ci="1" mb="0" cb="0"/><line nr="71" mi="0" ci="4" mb="0" cb="0"/><line nr="72" mi="0" ci="3" mb="0" cb="0"/><line nr="73" mi="0" ci="1" mb="0" cb="0"/><line nr="75" mi="0" ci="1" mb="0" cb="0"/><counter type="INSTRUCTION" missed="0" covered="50"/><counter type="BRANCH" missed="0" covered="2"/><counter type="LINE" missed="0" covered="16"/><counter type="COMPLEXITY" missed="0" covered="4"/><counter type="METHOD" missed="0" covered="3"/><counter type="CLASS" missed="0" covered="1"/></sourcefile><counter type="INSTRUCTION" missed="42" covered="204"/><counter type="BRANCH" missed="0" covered="10"/><counter type="LINE" missed="14" covered="50"/><counter type="COMPLEXITY" missed="0" covered="15"/><counter type="METHOD" missed="0" covered="10"/><counter type="CLASS" missed="0" covered="2"/></package><package name="com/example/webservice/service"><class name="com/example/webservice/service/ListingService" sourcefilename="ListingService.java"><method name="&lt;init&gt;" desc="(Lcom/example/webservice/repository/ListingRepository;Lcom/example/webservice/repository/ClientRepository;Lcom/example/webservice/repository/FacilityRepository;Lcom/example/webservice/service/FacilityService;)V" line="44"><counter type="INSTRUCTION" missed="0" covered="15"/><counter type="LINE" missed="0" covered="6"/><counter type="COMPLEXITY" missed="0" covered="1"/><counter type="METHOD" missed="0" covered="1"/></method><method name="getListingById" desc="(Ljava/lang/Long;)Ljava/util/Optional;" line="67"><counter type="INSTRUCTION" missed="0" covered="5"/><counter type="LINE" missed="0" covered="1"/><counter type="COMPLEXITY" missed="0" covered="1"/><counter type="METHOD" missed="0" covered="1"/></method><method name="getListingsByClientID" desc="(Ljava/lang/Long;)Ljava/util/List;" line="77"><counter type="INSTRUCTION" missed="28" covered="0"/><counter type="BRANCH" missed="2" covered="0"/><counter type="LINE" missed="5" covered="0"/><counter type="COMPLEXITY" missed="2" covered="0"/><counter type="METHOD" missed="1" covered="0"/></method><method name="createListing" desc="(Ljava/lang/Long;Ljava/lang/String;Ljava/lang/Long;Lcom/example/webservice/model/model/ListingRequestDTO;)Lcom/example/webservice/model/Listing;" line="99"><counter type="INSTRUCTION" missed="19" covered="66"/><counter type="BRANCH" missed="2" covered="2"/><counter type="LINE" missed="5" covered="15"/><counter type="COMPLEXITY" missed="2" covered="1"/><counter type="METHOD" missed="0" covered="1"/></method><method name="updateListing" desc="(Ljava/lang/Long;Ljava/lang/Long;Ljava/lang/String;Lcom/example/webservice/model/model/ListingRequestDTO;)Ljava/util/Optional;" line="145"><counter type="INSTRUCTION" missed="8" covered="54"/><counter type="BRANCH" missed="2" covered="4"/><counter type="LINE" missed="2" covered="11"/><counter type="COMPLEXITY" missed="2" covered="2"/><counter type="METHOD" missed="0" covered="1"/></method><method name="deleteListing" desc="(Ljava/lang/Long;Ljava/lang/String;Ljava/lang/Long;)Z" line="193"><counter type="INSTRUCTION" missed="12" covered="41"/><counter type="BRANCH" missed="2" covered="4"/><counter type="LINE" missed="2" covered="10"/><counter type="COMPLEXITY" missed="2" covered="2"/><counter type="METHOD" missed="0" covered="1"/></method><method name="searchListingsWithFilter" desc="(Ljava/lang/Double;Ljava/lang/Double;Ljava/lang/Double;Ljava/lang/String;Ljava/lang/Integer;Ljava/lang/Boolean;Ljava/lang/String;)Ljava/util/List;" line="262"><counter type="INSTRUCTION" missed="0" covered="24"/><counter type="BRANCH" missed="2" covered="2"/><counter type="LINE" missed="0" covered="4"/><counter type="COMPLEXITY" missed="2" covered="1"/><counter type="METHOD" missed="0" covered="1"/></method><method name="searchListingsWithGroupCode" desc="(Ljava/lang/Double;Ljava/lang/Double;Ljava/lang/Double;Ljava/lang/Integer;)Ljava/util/List;" line="284"><counter type="INSTRUCTION" missed="0" covered="8"/><counter type="LINE" missed="0" covered="1"/><counter type="COMPLEXITY" missed="0" covered="1"/><counter type="METHOD" missed="0" covered="1"/></method><method name="lambda$deleteListing$7" desc="(Ljava/lang/Long;)Lorg/apache/velocity/exception/ResourceNotFoundException;" line="205"><counter type="INSTRUCTION" missed="6" covered="0"/><counter type="LINE" missed="1" covered="0"/><counter type="COMPLEXITY" missed="1" covered="0"/><counter type="METHOD" missed="1" covered="0"/></method><method name="lambda$deleteListing$6" desc="()Lorg/springframework/web/server/ResponseStatusException;" line="194"><counter type="INSTRUCTION" missed="6" covered="0"/><counter type="LINE" missed="1" covered="0"/><counter type="COMPLEXITY" missed="1" covered="0"/><counter type="METHOD" missed="1" covered="0"/></method><method name="lambda$updateListing$5" desc="()Lorg/springframework/web/server/ResponseStatusException;" line="176"><counter type="INSTRUCTION" missed="6" covered="0"/><counter type="LINE" missed="1" covered="0"/><counter type="COMPLEXITY" missed="1" covered="0"/><counter type="METHOD" missed="1" covered="0"/></method><method name="lambda$updateListing$4" desc="(Ljava/lang/Long;Lcom/example/webservice/model/Listing;Lcom/example/webservice/model/model/ListingRequestDTO;Lcom/example/webservice/model/Listing;)Lcom/example/webservice/model/Listing;" line="166"><counter type="INSTRUCTION" missed="0" covered="38"/><counter type="LINE" missed="0" covered="9"/><counter type="COMPLEXITY" missed="0" covered="1"/><counter type="METHOD" missed="0" covered="1"/></method><method name="lambda$updateListing$3" desc="()Lorg/springframework/web/server/ResponseStatusException;" line="156"><counter type="INSTRUCTION" missed="0" covered="6"/><counter type="LINE" missed="0" covered="1"/><counter type="COMPLEXITY" missed="0" covered="1"/><counter type="METHOD" missed="0" covered="1"/></method><method name="lambda$updateListing$2" desc="(Ljava/lang/Long;)Lorg/springframework/web/server/ResponseStatusException;" line="146"><counter type="INSTRUCTION" missed="0" covered="7"/><counter type="LINE" missed="0" covered="1"/><counter type="COMPLEXITY" missed="0" covered="1"/><counter type="METHOD" missed="0" covered="1"/></method><method name="lambda$createListing$1" desc="(Ljava/lang/Long;)Lorg/apache/velocity/exception/ResourceNotFoundException;" line="108"><counter type="INSTRUCTION" missed="6" covered="0"/><counter type="LINE" missed="1" covered="0"/><counter type="COMPLEXITY" missed="1" covered="0"/><counter type="METHOD" missed="1" covered="0"/></method><method name="lambda$createListing$0" desc="(Ljava/lang/Long;)Lorg/springframework/web/server/ResponseStatusException;" line="100"><counter type="INSTRUCTION" missed="0" covered="7"/><counter type="LINE" missed="0" covered="1"/><counter type="COMPLEXITY" missed="0" covered="1"/><counter type="METHOD" missed="0" covered="1"/></method><counter type="INSTRUCTION" missed="91" covered="271"/><counter type="BRANCH" missed="10" covered="12"/><counter type="LINE" missed="15" covered="58"/><counter type="COMPLEXITY" missed="14" covered="13"/><counter type="METHOD" missed="5" covered="11"/><counter type="CLASS" missed="0" covered="1"/></class><class name="com/example/webservice/service/FacilityService" sourcefilename="FacilityService.java"><method name="&lt;init&gt;" desc="(Lcom/example/webservice/repository/ClientRepository;Lcom/example/webservice/repository/FacilityRepository;Lcom/example/webservice/repository/ListingRepository;)V" line="37"><counter type="INSTRUCTION" missed="0" covered="12"/><counter type="LINE" missed="0" covered="5"/><counter type="COMPLEXITY" missed="0" covered="1"/><counter type="METHOD" missed="0" covered="1"/></method><method name="getPublicFacilities" desc="()Ljava/util/List;" line="50"><counter type="INSTRUCTION" missed="0" covered="4"/><counter type="LINE" missed="0" covered="1"/><counter type="COMPLEXITY" missed="0" covered="1"/><counter type="METHOD" missed="0" covered="1"/></method><method name="getFacilitiesByClientID" desc="(Ljava/lang/Long;)Ljava/util/List;" line="61"><counter type="INSTRUCTION" missed="0" covered="5"/><counter type="LINE" missed="0" covered="1"/><counter type="COMPLEXITY" missed="0" covered="1"/><counter type="METHOD" missed="0" covered="1"/></method><method name="getFacilityById" desc="(Ljava/lang/Long;)Lcom/example/webservice/model/Facility;" line="73"><counter type="INSTRUCTION" missed="0" covered="9"/><counter type="LINE" missed="0" covered="2"/><counter type="COMPLEXITY" missed="0" covered="1"/><counter type="METHOD" missed="0" covered="1"/></method><method name="createFacility" desc="(Ljava/lang/Long;Lcom/example/webservice/model/model/FacilityRequestDTO;)Lcom/example/webservice/model/Facility;" line="88"><counter type="INSTRUCTION" missed="54" covered="61"/><counter type="BRANCH" missed="10" covered="4"/><counter type="LINE" missed="10" covered="15"/><counter type="COMPLEXITY" missed="7" covered="1"/><counter type="METHOD" missed="0" covered="1"/></method><method name="updateFacility" desc="(Ljava/lang/Long;Ljava/lang/String;Ljava/lang/Long;Lcom/example/webservice/model/model/FacilityRequestDTO;)Lcom/example/webservice/model/Facility;" line="147"><counter type="INSTRUCTION" missed="40" covered="42"/><counter type="BRANCH" missed="9" covered="5"/><counter type="LINE" missed="6" covered="10"/><counter type="COMPLEXITY" missed="6" covered="2"/><counter type="METHOD" missed="0" covered="1"/></method><method name="deleteFacility" desc="(Ljava/lang/Long;Ljava/lang/Long;)V" line="200"><counter type="INSTRUCTION" missed="10" covered="35"/><counter type="BRANCH" missed="1" covered="3"/><counter type="LINE" missed="2" covered="8"/><counter type="COMPLEXITY" missed="1" covered="2"/><counter type="METHOD" missed="0" covered="1"/></method><method name="lambda$deleteFacility$5" desc="()Lorg/springframework/web/server/ResponseStatusException;" line="201"><counter type="INSTRUCTION" missed="6" covered="0"/><counter type="LINE" missed="1" covered="0"/><counter type="COMPLEXITY" missed="1" covered="0"/><counter type="METHOD" missed="1" covered="0"/></method><method name="lambda$updateFacility$4" desc="()Lorg/springframework/web/server/ResponseStatusException;" line="188"><counter type="INSTRUCTION" missed="6" covered="0"/><counter type="LINE" missed="1" covered="0"/><counter type="COMPLEXITY" missed="1" covered="0"/><counter type="METHOD" missed="1" covered="0"/></method><method name="lambda$updateFacility$3" desc="(Ljava/lang/Long;Ljava/lang/Long;Lcom/example/webservice/model/model/FacilityRequestDTO;Lcom/example/webservice/model/Facility;)Lcom/example/webservice/model/Facility;" line="178"><counter type="INSTRUCTION" missed="0" covered="37"/><counter type="LINE" missed="0" covered="9"/><counter type="COMPLEXITY" missed="0" covered="1"/><counter type="METHOD" missed="0" covered="1"/></method><method name="lambda$updateFacility$2" desc="()Lorg/springframework/web/server/ResponseStatusException;" line="148"><counter type="INSTRUCTION" missed="6" covered="0"/><counter type="LINE" missed="1" covered="0"/><counter type="COMPLEXITY" missed="1" covered="0"/><counter type="METHOD" missed="1" covered="0"/></method><method name="lambda$createFacility$1" desc="(Ljava/lang/Long;)Lorg/apache/velocity/exception/ResourceNotFoundException;" line="89"><counter type="INSTRUCTION" missed="0" covered="6"/><counter type="LINE" missed="0" covered="1"/><counter type="COMPLEXITY" missed="0" covered="1"/><counter type="METHOD" missed="0" covered="1"/></method><method name="lambda$getFacilityById$0" desc="(Ljava/lang/Long;)Lorg/apache/velocity/exception/ResourceNotFoundException;" line="74"><counter type="INSTRUCTION" missed="0" covered="6"/><counter type="LINE" missed="0" covered="1"/><counter type="COMPLEXITY" missed="0" covered="1"/><counter type="METHOD" missed="0" covered="1"/></method><counter type="INSTRUCTION" missed="122" covered="217"/><counter type="BRANCH" missed="20" covered="12"/><counter type="LINE" missed="18" covered="51"/><counter type="COMPLEXITY" missed="17" covered="12"/><counter type="METHOD" missed="3" covered="10"/><counter type="CLASS" missed="0" covered="1"/></class><sourcefile name="FacilityService.java"><line nr="37" mi="0" ci="2" mb="0" cb="0"/><line nr="38" mi="0" ci="3" mb="0" cb="0"/><line nr="39" mi="0" ci="3" mb="0" cb="0"/><line nr="40" mi="0" ci="3" mb="0" cb="0"/><line nr="41" mi="0" ci="1" mb="0" cb="0"/><line nr="50" mi="0" ci="4" mb="0" cb="0"/><line nr="61" mi="0" ci="5" mb="0" cb="0"/><line nr="73" mi="0" ci="7" mb="0" cb="0"/><line nr="74" mi="0" ci="8" mb="0" cb="0"/><line nr="88" mi="0" ci="6" mb="0" cb="0"/><line nr="89" mi="0" ci="9" mb="0" cb="0"/><line nr="91" mi="0" ci="4" mb="1" cb="1"/><line nr="92" mi="6" ci="0" mb="0" cb="0"/><line nr="96" mi="0" ci="3" mb="1" cb="1"/><line nr="97" mi="6" ci="0" mb="0" cb="0"/><line nr="101" mi="5" ci="3" mb="3" cb="1"/><line nr="102" mi="6" ci="0" mb="0" cb="0"/><line nr="106" mi="0" ci="3" mb="1" cb="1"/><line nr="107" mi="9" ci="0" mb="2" cb="0"/><line nr="108" mi="5" ci="0" mb="0" cb="0"/><line nr="109" mi="3" ci="0" mb="2" cb="0"/><line nr="110" mi="6" ci="0" mb="0" cb="0"/><line nr="117" mi="0" ci="4" mb="0" cb="0"/><line nr="118" mi="0" ci="4" mb="0" cb="0"/><line nr="119" mi="0" ci="4" mb="0" cb="0"/><line nr="120" mi="0" ci="4" mb="0" cb="0"/><line nr="121" mi="0" ci="5" mb="0" cb="0"/><line nr="122" mi="0" ci="4" mb="0" cb="0"/><line nr="123" mi="0" ci="4" mb="0" cb="0"/><line nr="124" mi="0" ci="4" mb="0" cb="0"/><line nr="125" mi="0" ci="6" mb="0" cb="0"/><line nr="126" mi="1" ci="0" mb="0" cb="0"/><line nr="127" mi="4" ci="0" mb="0" cb="0"/><line nr="128" mi="3" ci="0" mb="0" cb="0"/><line nr="147" mi="0" ci="5" mb="0" cb="0"/><line nr="148" mi="6" ci="3" mb="0" cb="0"/><line nr="151" mi="0" ci="5" mb="0" cb="2"/><line nr="152" mi="0" ci="6" mb="0" cb="0"/><line nr="156" mi="0" ci="3" mb="1" cb="1"/><line nr="157" mi="6" ci="0" mb="0" cb="0"/><line nr="161" mi="5" ci="3" mb="3" cb="1"/><line nr="162" mi="6" ci="0" mb="0" cb="0"/><line nr="166" mi="0" ci="3" mb="1" cb="1"/><line nr="167" mi="9" ci="0" mb="2" cb="0"/><line nr="168" mi="5" ci="0" mb="0" cb="0"/><line nr="169" mi="3" ci="0" mb="2" cb="0"/><line nr="170" mi="6" ci="0" mb="0" cb="0"/><line nr="176" mi="0" ci="10" mb="0" cb="0"/><line nr="177" mi="0" ci="2" mb="0" cb="0"/><line nr="178" mi="0" ci="3" mb="0" cb="0"/><line nr="179" mi="0" ci="3" mb="0" cb="0"/><line nr="180" mi="0" ci="4" mb="0" cb="0"/><line nr="181" mi="0" ci="4" mb="0" cb="0"/><line nr="182" mi="0" ci="5" mb="0" cb="0"/><line nr="183" mi="0" ci="4" mb="0" cb="0"/><line nr="184" mi="0" ci="4" mb="0" cb="0"/><line nr="185" mi="0" ci="4" mb="0" cb="0"/><line nr="186" mi="0" ci="6" mb="0" cb="0"/><line nr="188" mi="6" ci="2" mb="0" cb="0"/><line nr="200" mi="0" ci="5" mb="0" cb="0"/><line nr="201" mi="6" ci="3" mb="0" cb="0"/><line nr="204" mi="0" ci="5" mb="0" cb="2"/><line nr="205" mi="0" ci="6" mb="0" cb="0"/><line nr="208" mi="0" ci="5" mb="0" cb="0"/><line nr="209" mi="4" ci="6" mb="1" cb="1"/><line nr="210" mi="5" ci="0" mb="0" cb="0"/><line nr="211" mi="1" ci="0" mb="0" cb="0"/><line nr="212" mi="0" ci="4" mb="0" cb="0"/><line nr="213" mi="0" ci="1" mb="0" cb="0"/><counter type="INSTRUCTION" missed="122" covered="217"/><counter type="BRANCH" missed="20" covered="12"/><counter type="LINE" missed="18" covered="51"/><counter type="COMPLEXITY" missed="17" covered="12"/><counter type="METHOD" missed="3" covered="10"/><counter type="CLASS" missed="0" covered="1"/></sourcefile><sourcefile name="ListingService.java"><line nr="44" mi="0" ci="2" mb="0" cb="0"/><line nr="45" mi="0" ci="3" mb="0" cb="0"/><line nr="46" mi="0" ci="3" mb="0" cb="0"/><line nr="47" mi="0" ci="3" mb="0" cb="0"/><line nr="48" mi="0" ci="3" mb="0" cb="0"/><line nr="49" mi="0" ci="1" mb="0" cb="0"/><line nr="67" mi="0" ci="5" mb="0" cb="0"/><line nr="77" mi="4" ci="0" mb="0" cb="0"/><line nr="78" mi="13" ci="0" mb="2" cb="0"/><line nr="79" mi="8" ci="0" mb="0" cb="0"/><line nr="80" mi="1" ci="0" mb="0" cb="0"/><line nr="81" mi="2" ci="0" mb="0" cb="0"/><line nr="99" mi="0" ci="6" mb="0" cb="0"/><line nr="100" mi="0" ci="10" mb="0" cb="0"/><line nr="102" mi="0" ci="5" mb="1" cb="1"/><line nr="103" mi="6" ci="0" mb="0" cb="0"/><line nr="107" mi="0" ci="6" mb="0" cb="0"/><line nr="108" mi="6" ci="3" mb="0" cb="0"/><line nr="110" mi="0" ci="5" mb="1" cb="1"/><line nr="111" mi="5" ci="0" mb="0" cb="0"/><line nr="115" mi="0" ci="4" mb="0" cb="0"/><line nr="116" mi="0" ci="3" mb="0" cb="0"/><line nr="117" mi="0" ci="5" mb="0" cb="0"/><line nr="118" mi="0" ci="4" mb="0" cb="0"/><line nr="119" mi="0" ci="4" mb="0" cb="0"/><line nr="120" mi="0" ci="4" mb="0" cb="0"/><line nr="121" mi="0" ci="4" mb="0" cb="0"/><line nr="122" mi="0" ci="4" mb="0" cb="0"/><line nr="123" mi="0" ci="6" mb="0" cb="0"/><line nr="124" mi="1" ci="0" mb="0" cb="0"/><line nr="125" mi="4" ci="0" mb="0" cb="0"/><line nr="126" mi="3" ci="0" mb="0" cb="0"/><line nr="145" mi="0" ci="6" mb="0" cb="0"/><line nr="146" mi="0" ci="10" mb="0" cb="0"/><line nr="149" mi="0" ci="5" mb="0" cb="2"/><line nr="150" mi="0" ci="6" mb="0" cb="0"/><line nr="154" mi="0" ci="5" mb="1" cb="1"/><line nr="155" mi="0" ci="8" mb="0" cb="0"/><line nr="156" mi="0" ci="6" mb="0" cb="0"/><line nr="158" mi="0" ci="4" mb="0" cb="0"/><line nr="159" mi="0" ci="2" mb="1" cb="1"/><line nr="160" mi="6" ci="0" mb="0" cb="0"/><line nr="164" mi="0" ci="11" mb="0" cb="0"/><line nr="165" mi="0" ci="2" mb="0" cb="0"/><line nr="166" mi="0" ci="3" mb="0" cb="0"/><line nr="167" mi="0" ci="4" mb="0" cb="0"/><line nr="168" mi="0" ci="5" mb="0" cb="0"/><line nr="169" mi="0" ci="4" mb="0" cb="0"/><line nr="170" mi="0" ci="4" mb="0" cb="0"/><line nr="171" mi="0" ci="4" mb="0" cb="0"/><line nr="172" mi="0" ci="4" mb="0" cb="0"/><line nr="173" mi="0" ci="4" mb="0" cb="0"/><line nr="174" mi="0" ci="6" mb="0" cb="0"/><line nr="176" mi="6" ci="2" mb="0" cb="0"/><line nr="179" mi="2" ci="0" mb="0" cb="0"/><line nr="193" mi="0" ci="5" mb="0" cb="0"/><line nr="194" mi="6" ci="3" mb="0" cb="0"/><line nr="197" mi="0" ci="5" mb="1" cb="1"/><line nr="199" mi="6" ci="0" mb="0" cb="0"/><line nr="203" mi="0" ci="5" mb="0" cb="2"/><line nr="204" mi="0" ci="9" mb="0" cb="0"/><line nr="205" mi="6" ci="0" mb="0" cb="0"/><line nr="206" mi="0" ci="4" mb="0" cb="0"/><line nr="207" mi="0" ci="2" mb="1" cb="1"/><line nr="208" mi="6" ci="0" mb="0" cb="0"/><line nr="211" mi="0" ci="4" mb="0" cb="0"/><line nr="212" mi="0" ci="2" mb="0" cb="0"/><line nr="214" mi="0" ci="2" mb="0" cb="0"/><line nr="262" mi="0" ci="2" mb="0" cb="0"/><line nr="263" mi="0" ci="5" mb="2" cb="2"/><line nr="265" mi="0" ci="6" mb="0" cb="0"/><line nr="269" mi="0" ci="11" mb="0" cb="0"/><line nr="284" mi="0" ci="8" mb="0" cb="0"/><counter type="INSTRUCTION" missed="91" covered="271"/><counter type="BRANCH" missed="10" covered="12"/><counter type="LINE" missed="15" covered="58"/><counter type="COMPLEXITY" missed="14" covered="13"/><counter type="METHOD" missed="5" covered="11"/><counter type="CLASS" missed="0" covered="1"/></sourcefile><counter type="INSTRUCTION" missed="213" covered="488"/><counter type="BRANCH" missed="30" covered="24"/><counter type="LINE" missed="33" covered="109"/><counter type="COMPLEXITY" missed="31" covered="25"/><counter type="METHOD" missed="8" covered="21"/><counter type="CLASS" missed="0" covered="2"/></package><counter type="INSTRUCTION" missed="255" covered="692"/><counter type="BRANCH" missed="30" covered="34"/><counter type="LINE" missed="47" covered="159"/><counter type="COMPLEXITY" missed="31" covered="40"/><counter type="METHOD" missed="8" covered="31"/><counter type="CLASS" missed="0" covered="4"/></report>