GROUP,PACKAGE,CLASS,INSTRUCTION_MISSED,INSTRUCTION_COVERED,BRANCH_MISSED,BRANCH_COVERED,LINE_MISSED,LINE_COVERED,COMPLEXITY_MISSED,COMPLEXITY_COVERED,METHOD_MISSED,METHOD_COVERED
web-service,com.example.webservice.controller,ListingController,167,0,16,0,34,0,18,0,10,0
web-service,com.example.webservice.controller,HelloController,5,0,0,0,2,0,2,0,2,0
web-service,com.example.webservice.controller,ClientController,50,0,2,0,16,0,4,0,3,0
web-service,com.example.webservice.controller,FacilityController,196,0,8,0,48,0,11,0,7,0
web-service,com.example.webservice.service,ListingService,375,0,22,0,74,0,28,0,17,0
web-service,com.example.webservice.service,FacilityService,231,0,6,0,49,0,16,0,13,0
web-service,com.example.webservice.service,ClientService,134,0,8,0,31,0,11,0,7,0
